<?xml version="1.0" encoding="UTF-8" ?>
<testsuites>
  <testsuite errors="0" failures="0" hostname="zeroglosa" id="0" name="QuoteServiceIntegrationTests" package="qotd" tests="1" time="0.195" timestamp="2016-09-06T19:39:03">
      <properties />

      <testcase classname="qotd.QuoteServiceIntegrationTests" name="testStationQuote" time="0.194" />

      <system-out><![CDATA[--Output from testStationQuote--
]]></system-out>

      <system-err><![CDATA[--Output from testStationQuote--
]]></system-err>

  </testsuite>
  <testsuite errors="0" failures="1" hostname="zeroglosa" id="1" name="QuoteControllerTests" package="qotd" tests="1" time="0.631" timestamp="2016-09-06T19:38:57">
      <properties />

      <testcase classname="qotd.QuoteControllerTests" name="testSomething" time="0.584">
          <failure message="junit.framework.AssertionFailedError: Implement me" type="junit.framework.AssertionFailedError">junit.framework.AssertionFailedError: junit.framework.AssertionFailedError: Implement me
	at qotd.QuoteControllerTests.testSomething(QuoteControllerTests.groovy:15)
</failure>

      </testcase>

      <system-out><![CDATA[--Output from testSomething--
]]></system-out>

      <system-err><![CDATA[--Output from testSomething--
]]></system-err>

  </testsuite>
  <testsuite errors="0" failures="1" hostname="zeroglosa" id="2" name="QuoteServiceTests" package="qotd" tests="1" time="0.028" timestamp="2016-09-06T19:38:57">
      <properties />

      <testcase classname="qotd.QuoteServiceTests" name="testSomething" time="0.027">
          <failure message="junit.framework.AssertionFailedError: Implement me" type="junit.framework.AssertionFailedError">junit.framework.AssertionFailedError: junit.framework.AssertionFailedError: Implement me
	at qotd.QuoteServiceTests.testSomething(QuoteServiceTests.groovy:15)
</failure>

      </testcase>

      <system-out><![CDATA[--Output from testSomething--
]]></system-out>

      <system-err><![CDATA[--Output from testSomething--
]]></system-err>

  </testsuite>
  <testsuite errors="0" failures="1" hostname="zeroglosa" id="3" name="QuoteTests" package="qotd" tests="1" time="0.462" timestamp="2016-09-06T19:38:56">
      <properties />

      <testcase classname="qotd.QuoteTests" name="testSomething" time="0.304">
          <failure message="junit.framework.AssertionFailedError: Implement me" type="junit.framework.AssertionFailedError">junit.framework.AssertionFailedError: junit.framework.AssertionFailedError: Implement me
	at qotd.QuoteTests.testSomething(QuoteTests.groovy:15)
</failure>

      </testcase>

      <system-out><![CDATA[--Output from testSomething--
]]></system-out>

      <system-err><![CDATA[--Output from testSomething--
]]></system-err>

  </testsuite>
</testsuites>
